\BOOKMARK [1][-]{section.1}{Introduction}{}% 1
\BOOKMARK [1][-]{section.2}{Approximation to the free energy functional [G,W]: Combination of GW and DMFT}{}% 2
\BOOKMARK [1][-]{section.3}{Product basis}{}% 3
\BOOKMARK [2][-]{subsection.3.1}{Aryasetiawan-style}{section.3}% 4
\BOOKMARK [3][-]{subsubsection.3.1.1}{Defining the new basis set}{subsection.3.1}% 5
\BOOKMARK [3][-]{subsubsection.3.1.2}{Reduction of the basis set and reorthonormalization}{subsection.3.1}% 6
\BOOKMARK [3][-]{subsubsection.3.1.3}{Matrix inverse}{subsection.3.1}% 7
\BOOKMARK [3][-]{subsubsection.3.1.4}{Switching between the product and the two-particle basis}{subsection.3.1}% 8
\BOOKMARK [1][-]{section.4}{The GW part}{}% 9
\BOOKMARK [2][-]{subsection.4.1}{Output for DMFT}{section.4}% 10
\BOOKMARK [1][-]{section.5}{The DMFT part}{}% 11
\BOOKMARK [2][-]{subsection.5.1}{The self-consistency cycle}{section.5}% 12
\BOOKMARK [2][-]{subsection.5.2}{Output}{section.5}% 13
\BOOKMARK [1][-]{section.6}{Hartree- and Exchange term in DMFT}{}% 14
\BOOKMARK [2][-]{subsection.6.1}{Hartree term}{section.6}% 15
\BOOKMARK [2][-]{subsection.6.2}{Exchange term}{section.6}% 16
\BOOKMARK [2][-]{subsection.6.3}{Hartree + exchange Selfenergy}{section.6}% 17
\BOOKMARK [2][-]{subsection.6.4}{Dynamical interactions}{section.6}% 18
\BOOKMARK [1][-]{section.7}{Implementation details}{}% 19
\BOOKMARK [2][-]{subsection.7.1}{Impurity solver input}{section.7}% 20
